<?xml version="1.0" encoding="UTF-8"?>
<!-- Generated by org.testng.reporters.JUnitReportReporter -->
<testsuite hostname="DESKTOP-64I3QH3" failures="0" tests="2" name="TestNGHomeDepot.NewTest" time="71.308" errors="0" timestamp="2022-01-23T17:23:09 EST" skipped="0">
  <testcase classname="TestNGHomeDepot.NewTest" name="HomeDepottest" time="34.722"/>
  <system-out/>
  <testcase classname="TestNGHomeDepot.NewTest" name="HomeDepottest" time="36.586"/>
  <system-out/>
</testsuite> <!-- TestNGHomeDepot.NewTest -->
